<?xml version="1.0" encoding="UTF-8"?>
<testng-results ignored="0" total="1" passed="1" failed="0" skipped="0">
  <reporter-output>
  </reporter-output>
  <suite started-at="2019-02-19T06:33:09Z" name="Default suite" finished-at="2019-02-19T06:33:25Z" duration-ms="16294">
    <groups>
    </groups>
    <test started-at="2019-02-19T06:33:09Z" name="Default test" finished-at="2019-02-19T06:33:25Z" duration-ms="16294">
      <class name="Maven_examples.dpusingXcel">
        <test-method signature="testlogin()[pri:0, instance:Maven_examples.dpusingXcel@3c0be339]" started-at="2019-02-19T06:33:09Z" name="testlogin" finished-at="2019-02-19T06:33:25Z" duration-ms="16268" status="PASS">
          <reporter-output>
          </reporter-output>
        </test-method> <!-- testlogin -->
      </class> <!-- Maven_examples.dpusingXcel -->
    </test> <!-- Default test -->
  </suite> <!-- Default suite -->
</testng-results>
